TN:test_coverage
SF:/home/qwerty/s21_3DViewer/src/tests/parser/parser.check
FN:5,parser_test_1_fn
FNDA:1,parser_test_1_fn
FN:16,parser_test_2_fn
FNDA:1,parser_test_2_fn
FN:23,parser_test_3_fn
FNDA:1,parser_test_3_fn
FN:51,parser_test_4_fn
FNDA:1,parser_test_4_fn
FN:63,parser_test_5_fn
FNDA:1,parser_test_5_fn
FN:71,main
FNDA:6,main
DA:5,1
DA:6,1
DA:7,1
DA:8,1
DA:9,1
DA:10,1
DA:11,1
DA:13,1
DA:14,1
DA:15,1
DA:16,1
DA:17,1
DA:18,1
DA:20,1
DA:21,1
DA:22,1
DA:23,1
DA:24,1
DA:35,1
DA:36,1
DA:37,1
DA:38,1
DA:39,1
DA:40,6
DA:42,5
DA:44,1
DA:45,1
DA:46,1
DA:48,1
DA:49,1
DA:50,1
DA:51,1
DA:55,1
DA:56,1
DA:57,1
DA:60,1
DA:61,1
DA:62,1
DA:63,1
DA:64,1
DA:65,1
DA:66,1
DA:67,1
DA:68,1
DA:71,6
DA:73,6
DA:74,6
DA:75,6
DA:76,6
DA:78,6
DA:79,6
DA:80,6
DA:81,6
DA:82,6
DA:83,6
DA:85,6
DA:86,1
DA:87,1
DA:89,1
end_of_record
